-------------------------------------------------------------------------------
Test set: com.lft.providerclient.ProviderclientApplicationTests
-------------------------------------------------------------------------------
Tests run: 1, Failures: 0, Errors: 1, Skipped: 0, Time elapsed: 0.417 s <<< FAILURE! - in com.lft.providerclient.ProviderclientApplicationTests
initializationError(com.lft.providerclient.ProviderclientApplicationTests)  Time elapsed: 0.007 s  <<< ERROR!
java.lang.IllegalStateException: Unable to find a @SpringBootConfiguration, you need to use @ContextConfiguration or @SpringBootTest(classes=...) with your test

