<?xml version="1.0" encoding="UTF-8"?>
<testsuite xmlns:xsi="http://www.w3.org/2001/XMLSchema-instance" xsi:noNamespaceSchemaLocation="https://maven.apache.org/surefire/maven-surefire-plugin/xsd/surefire-test-report.xsd" name="com.lft.providerclient.ProviderclientApplicationTests" time="0.417" tests="1" errors="1" skipped="0" failures="0">
  <properties>
[...]
</properties>
  <testcase name="initializationError" classname="com.lft.providerclient.ProviderclientApplicationTests" time="0.007">
    <error message="Unable to find a @SpringBootConfiguration, you need to use @ContextConfiguration or @SpringBootTest(classes=...) with your test" type="java.lang.IllegalStateException">java.lang.IllegalStateException: Unable to find a @SpringBootConfiguration, you need to use @ContextConfiguration or @SpringBootTest(classes=...) with your test
</error>
    <system-out><![CDATA[10:37:57.500 [main] DEBUG org.springframework.test.context.junit4.SpringJUnit4ClassRunner - SpringJUnit4ClassRunner constructor called with [class com.lft.providerclient.ProviderclientApplicationTests]
10:37:57.509 [main] DEBUG org.springframework.test.context.BootstrapUtils - Instantiating CacheAwareContextLoaderDelegate from class [org.springframework.test.context.cache.DefaultCacheAwareContextLoaderDelegate]
10:37:57.517 [main] DEBUG org.springframework.test.context.BootstrapUtils - Instantiating BootstrapContext using constructor [public org.springframework.test.context.support.DefaultBootstrapContext(java.lang.Class,org.springframework.test.context.CacheAwareContextLoaderDelegate)]
10:37:57.534 [main] DEBUG org.springframework.test.context.BootstrapUtils - Instantiating TestContextBootstrapper for test class [com.lft.providerclient.ProviderclientApplicationTests] from class [org.springframework.boot.test.context.SpringBootTestContextBootstrapper]
10:37:57.546 [main] INFO org.springframework.boot.test.context.SpringBootTestContextBootstrapper - Neither @ContextConfiguration nor @ContextHierarchy found for test class [com.lft.providerclient.ProviderclientApplicationTests], using SpringBootContextLoader
10:37:57.550 [main] DEBUG org.springframework.test.context.support.AbstractContextLoader - Did not detect default resource location for test class [com.lft.providerclient.ProviderclientApplicationTests]: class path resource [com/lft/providerclient/ProviderclientApplicationTests-context.xml] does not exist
10:37:57.551 [main] DEBUG org.springframework.test.context.support.AbstractContextLoader - Did not detect default resource location for test class [com.lft.providerclient.ProviderclientApplicationTests]: class path resource [com/lft/providerclient/ProviderclientApplicationTestsContext.groovy] does not exist
10:37:57.551 [main] INFO org.springframework.test.context.support.AbstractContextLoader - Could not detect default resource locations for test class [com.lft.providerclient.ProviderclientApplicationTests]: no resource found for suffixes {-context.xml, Context.groovy}.
10:37:57.552 [main] INFO org.springframework.test.context.support.AnnotationConfigContextLoaderUtils - Could not detect default configuration classes for test class [com.lft.providerclient.ProviderclientApplicationTests]: ProviderclientApplicationTests does not declare any static, non-private, non-final, nested classes annotated with @Configuration.
10:37:57.593 [main] DEBUG org.springframework.test.context.support.ActiveProfilesUtils - Could not find an 'annotation declaring class' for annotation type [org.springframework.test.context.ActiveProfiles] and class [com.lft.providerclient.ProviderclientApplicationTests]
10:37:57.601 [main] DEBUG org.springframework.core.env.StandardEnvironment - Adding PropertySource 'systemProperties' with lowest search precedence
10:37:57.601 [main] DEBUG org.springframework.core.env.StandardEnvironment - Adding PropertySource 'systemEnvironment' with lowest search precedence
10:37:57.601 [main] DEBUG org.springframework.core.env.StandardEnvironment - Initialized StandardEnvironment with PropertySources [MapPropertySource@1392794732 {name='systemProperties', properties={sun.desktop=windows, awt.toolkit=sun.awt.windows.WToolkit, java.specification.version=10, file.encoding.pkg=sun.io, sun.cpu.isalist=amd64, sun.jnu.encoding=GBK, java.class.path=E:\study\springcloud\eureka-3\venus\providerclient\target\test-classes;E:\study\springcloud\eureka-3\venus\providerclient\target\classes;D:\local_maven\cn\springcloud\feign\venus-cloud-starter-feign\1.0.0\venus-cloud-starter-feign-1.0.0.jar;D:\local_maven\cn\springcloud\feign\venus-cloud-feign-core\1.0.0\venus-cloud-feign-core-1.0.0.jar;D:\local_maven\io\springfox\springfox-swagger2\2.8.0\springfox-swagger2-2.8.0.jar;D:\local_maven\io\swagger\swagger-annotations\1.5.14\swagger-annotations-1.5.14.jar;D:\local_maven\io\swagger\swagger-models\1.5.14\swagger-models-1.5.14.jar;D:\local_maven\com\fasterxml\jackson\core\jackson-annotations\2.9.0\jackson-annotations-2.9.0.jar;D:\local_maven\io\springfox\springfox-spi\2.8.0\springfox-spi-2.8.0.jar;D:\local_maven\io\springfox\springfox-core\2.8.0\springfox-core-2.8.0.jar;D:\local_maven\io\springfox\springfox-schema\2.8.0\springfox-schema-2.8.0.jar;D:\local_maven\io\springfox\springfox-swagger-common\2.8.0\springfox-swagger-common-2.8.0.jar;D:\local_maven\io\springfox\springfox-spring-web\2.8.0\springfox-spring-web-2.8.0.jar;D:\local_maven\org\reflections\reflections\0.9.11\reflections-0.9.11.jar;D:\local_maven\org\javassist\javassist\3.21.0-GA\javassist-3.21.0-GA.jar;D:\local_maven\com\google\guava\guava\20.0\guava-20.0.jar;D:\local_maven\com\fasterxml\classmate\1.3.4\classmate-1.3.4.jar;D:\local_maven\org\slf4j\slf4j-api\1.7.25\slf4j-api-1.7.25.jar;D:\local_maven\org\springframework\plugin\spring-plugin-core\1.2.0.RELEASE\spring-plugin-core-1.2.0.RELEASE.jar;D:\local_maven\org\springframework\plugin\spring-plugin-metadata\1.2.0.RELEASE\spring-plugin-metadata-1.2.0.RELEASE.jar;D:\local_maven\org\mapstruct\mapstruct\1.2.0.Final\mapstruct-1.2.0.Final.jar;D:\local_maven\org\springframework\cloud\spring-cloud-starter-openfeign\2.0.0.RELEASE\spring-cloud-starter-openfeign-2.0.0.RELEASE.jar;D:\local_maven\org\springframework\cloud\spring-cloud-starter\2.0.0.RELEASE\spring-cloud-starter-2.0.0.RELEASE.jar;D:\local_maven\org\springframework\cloud\spring-cloud-context\2.0.0.RELEASE\spring-cloud-context-2.0.0.RELEASE.jar;D:\local_maven\org\springframework\security\spring-security-rsa\1.0.5.RELEASE\spring-security-rsa-1.0.5.RELEASE.jar;D:\local_maven\org\bouncycastle\bcpkix-jdk15on\1.56\bcpkix-jdk15on-1.56.jar;D:\local_maven\org\bouncycastle\bcprov-jdk15on\1.56\bcprov-jdk15on-1.56.jar;D:\local_maven\org\springframework\cloud\spring-cloud-openfeign-core\2.0.0.RELEASE\spring-cloud-openfeign-core-2.0.0.RELEASE.jar;D:\local_maven\org\springframework\boot\spring-boot-autoconfigure\2.0.3.RELEASE\spring-boot-autoconfigure-2.0.3.RELEASE.jar;D:\local_maven\org\springframework\cloud\spring-cloud-netflix-ribbon\2.0.0.RELEASE\spring-cloud-netflix-ribbon-2.0.0.RELEASE.jar;D:\local_maven\org\springframework\boot\spring-boot-starter-aop\2.0.3.RELEASE\spring-boot-starter-aop-2.0.3.RELEASE.jar;D:\local_maven\org\aspectj\aspectjweaver\1.8.13\aspectjweaver-1.8.13.jar;D:\local_maven\org\springframework\spring-web\5.0.7.RELEASE\spring-web-5.0.7.RELEASE.jar;D:\local_maven\org\springframework\spring-beans\5.0.7.RELEASE\spring-beans-5.0.7.RELEASE.jar;D:\local_maven\org\springframework\cloud\spring-cloud-commons\2.0.0.RELEASE\spring-cloud-commons-2.0.0.RELEASE.jar;D:\local_maven\org\springframework\security\spring-security-crypto\5.0.6.RELEASE\spring-security-crypto-5.0.6.RELEASE.jar;D:\local_maven\io\github\openfeign\feign-core\9.5.1\feign-core-9.5.1.jar;D:\local_maven\io\github\openfeign\feign-slf4j\9.5.1\feign-slf4j-9.5.1.jar;D:\local_maven\io\github\openfeign\feign-hystrix\9.5.1\feign-hystrix-9.5.1.jar;D:\local_maven\com\netflix\archaius\archaius-core\0.7.6\archaius-core-0.7.6.jar;D:\local_maven\com\google\code\findbugs\jsr305\3.0.1\jsr305-3.0.1.jar;D:\local_maven\com\fasterxml\jackson\core\jackson-core\2.9.6\jackson-core-2.9.6.jar;D:\local_maven\com\netflix\hystrix\hystrix-core\1.5.12\hystrix-core-1.5.12.jar;D:\local_maven\org\hdrhistogram\HdrHistogram\2.1.9\HdrHistogram-2.1.9.jar;D:\local_maven\io\github\openfeign\feign-java8\9.5.1\feign-java8-9.5.1.jar;D:\local_maven\org\springframework\cloud\spring-cloud-starter-netflix-ribbon\2.0.0.RELEASE\spring-cloud-starter-netflix-ribbon-2.0.0.RELEASE.jar;D:\local_maven\com\netflix\ribbon\ribbon\2.2.5\ribbon-2.2.5.jar;D:\local_maven\com\netflix\ribbon\ribbon-transport\2.2.5\ribbon-transport-2.2.5.jar;D:\local_maven\io\reactivex\rxnetty-contexts\0.4.9\rxnetty-contexts-0.4.9.jar;D:\local_maven\io\reactivex\rxnetty-servo\0.4.9\rxnetty-servo-0.4.9.jar;D:\local_maven\javax\inject\javax.inject\1\javax.inject-1.jar;D:\local_maven\io\reactivex\rxnetty\0.4.9\rxnetty-0.4.9.jar;D:\local_maven\io\netty\netty-codec-http\4.1.25.Final\netty-codec-http-4.1.25.Final.jar;D:\local_maven\io\netty\netty-codec\4.1.25.Final\netty-codec-4.1.25.Final.jar;D:\local_maven\io\netty\netty-transport-native-epoll\4.1.25.Final\netty-transport-native-epoll-4.1.25.Final.jar;D:\local_maven\io\netty\netty-common\4.1.25.Final\netty-common-4.1.25.Final.jar;D:\local_maven\io\netty\netty-buffer\4.1.25.Final\netty-buffer-4.1.25.Final.jar;D:\local_maven\io\netty\netty-transport-native-unix-common\4.1.25.Final\netty-transport-native-unix-common-4.1.25.Final.jar;D:\local_maven\io\netty\netty-transport\4.1.25.Final\netty-transport-4.1.25.Final.jar;D:\local_maven\io\netty\netty-resolver\4.1.25.Final\netty-resolver-4.1.25.Final.jar;D:\local_maven\com\netflix\ribbon\ribbon-core\2.2.5\ribbon-core-2.2.5.jar;D:\local_maven\commons-lang\commons-lang\2.6\commons-lang-2.6.jar;D:\local_maven\com\netflix\ribbon\ribbon-httpclient\2.2.5\ribbon-httpclient-2.2.5.jar;D:\local_maven\commons-collections\commons-collections\3.2.2\commons-collections-3.2.2.jar;D:\local_maven\org\apache\httpcomponents\httpclient\4.5.5\httpclient-4.5.5.jar;D:\local_maven\org\apache\httpcomponents\httpcore\4.4.9\httpcore-4.4.9.jar;D:\local_maven\commons-codec\commons-codec\1.11\commons-codec-1.11.jar;D:\local_maven\com\sun\jersey\jersey-client\1.19.1\jersey-client-1.19.1.jar;D:\local_maven\com\sun\jersey\jersey-core\1.19.1\jersey-core-1.19.1.jar;D:\local_maven\javax\ws\rs\jsr311-api\1.1.1\jsr311-api-1.1.1.jar;D:\local_maven\com\sun\jersey\contribs\jersey-apache-client4\1.19.1\jersey-apache-client4-1.19.1.jar;D:\local_maven\com\netflix\servo\servo-core\0.12.21\servo-core-0.12.21.jar;D:\local_maven\com\netflix\netflix-commons\netflix-commons-util\0.3.0\netflix-commons-util-0.3.0.jar;D:\local_maven\com\netflix\ribbon\ribbon-loadbalancer\2.2.5\ribbon-loadbalancer-2.2.5.jar;D:\local_maven\com\netflix\netflix-commons\netflix-statistics\0.1.1\netflix-statistics-0.1.1.jar;D:\local_maven\io\reactivex\rxjava\1.3.8\rxjava-1.3.8.jar;D:\local_maven\org\springframework\cloud\spring-cloud-starter-netflix-archaius\2.0.0.RELEASE\spring-cloud-starter-netflix-archaius-2.0.0.RELEASE.jar;D:\local_maven\org\springframework\cloud\spring-cloud-netflix-archaius\2.0.0.RELEASE\spring-cloud-netflix-archaius-2.0.0.RELEASE.jar;D:\local_maven\commons-configuration\commons-configuration\1.8\commons-configuration-1.8.jar;D:\local_maven\org\springframework\boot\spring-boot-starter-web\2.0.3.RELEASE\spring-boot-starter-web-2.0.3.RELEASE.jar;D:\local_maven\org\springframework\boot\spring-boot-starter\2.0.3.RELEASE\spring-boot-starter-2.0.3.RELEASE.jar;D:\local_maven\org\springframework\boot\spring-boot\2.0.3.RELEASE\spring-boot-2.0.3.RELEASE.jar;D:\local_maven\org\springframework\boot\spring-boot-starter-logging\2.0.3.RELEASE\spring-boot-starter-logging-2.0.3.RELEASE.jar;D:\local_maven\ch\qos\logback\logback-classic\1.2.3\logback-classic-1.2.3.jar;D:\local_maven\ch\qos\logback\logback-core\1.2.3\logback-core-1.2.3.jar;D:\local_maven\org\apache\logging\log4j\log4j-to-slf4j\2.10.0\log4j-to-slf4j-2.10.0.jar;D:\local_maven\org\apache\logging\log4j\log4j-api\2.10.0\log4j-api-2.10.0.jar;D:\local_maven\org\slf4j\jul-to-slf4j\1.7.25\jul-to-slf4j-1.7.25.jar;D:\local_maven\javax\annotation\javax.annotation-api\1.3.2\javax.annotation-api-1.3.2.jar;D:\local_maven\org\yaml\snakeyaml\1.19\snakeyaml-1.19.jar;D:\local_maven\org\springframework\boot\spring-boot-starter-json\2.0.3.RELEASE\spring-boot-starter-json-2.0.3.RELEASE.jar;D:\local_maven\com\fasterxml\jackson\core\jackson-databind\2.9.6\jackson-databind-2.9.6.jar;D:\local_maven\com\fasterxml\jackson\datatype\jackson-datatype-jdk8\2.9.6\jackson-datatype-jdk8-2.9.6.jar;D:\local_maven\com\fasterxml\jackson\datatype\jackson-datatype-jsr310\2.9.6\jackson-datatype-jsr310-2.9.6.jar;D:\local_maven\com\fasterxml\jackson\module\jackson-module-parameter-names\2.9.6\jackson-module-parameter-names-2.9.6.jar;D:\local_maven\org\springframework\boot\spring-boot-starter-tomcat\2.0.3.RELEASE\spring-boot-starter-tomcat-2.0.3.RELEASE.jar;D:\local_maven\org\apache\tomcat\embed\tomcat-embed-core\8.5.31\tomcat-embed-core-8.5.31.jar;D:\local_maven\org\apache\tomcat\embed\tomcat-embed-el\8.5.31\tomcat-embed-el-8.5.31.jar;D:\local_maven\org\apache\tomcat\embed\tomcat-embed-websocket\8.5.31\tomcat-embed-websocket-8.5.31.jar;D:\local_maven\org\hibernate\validator\hibernate-validator\6.0.10.Final\hibernate-validator-6.0.10.Final.jar;D:\local_maven\javax\validation\validation-api\2.0.1.Final\validation-api-2.0.1.Final.jar;D:\local_maven\org\jboss\logging\jboss-logging\3.3.2.Final\jboss-logging-3.3.2.Final.jar;D:\local_maven\org\springframework\spring-webmvc\5.0.7.RELEASE\spring-webmvc-5.0.7.RELEASE.jar;D:\local_maven\org\springframework\spring-aop\5.0.7.RELEASE\spring-aop-5.0.7.RELEASE.jar;D:\local_maven\org\springframework\spring-context\5.0.7.RELEASE\spring-context-5.0.7.RELEASE.jar;D:\local_maven\org\springframework\spring-expression\5.0.7.RELEASE\spring-expression-5.0.7.RELEASE.jar;D:\local_maven\org\projectlombok\lombok\1.18.2\lombok-1.18.2.jar;D:\local_maven\javax\xml\bind\jaxb-api\2.3.0\jaxb-api-2.3.0.jar;D:\local_maven\com\sun\xml\bind\jaxb-impl\2.3.0\jaxb-impl-2.3.0.jar;D:\local_maven\org\glassfish\jaxb\jaxb-runtime\2.3.0\jaxb-runtime-2.3.0.jar;D:\local_maven\org\glassfish\jaxb\jaxb-core\2.3.0\jaxb-core-2.3.0.jar;D:\local_maven\org\glassfish\jaxb\txw2\2.3.0\txw2-2.3.0.jar;D:\local_maven\com\sun\istack\istack-commons-runtime\3.0.5\istack-commons-runtime-3.0.5.jar;D:\local_maven\org\jvnet\staxex\stax-ex\1.7.8\stax-ex-1.7.8.jar;D:\local_maven\com\sun\xml\fastinfoset\FastInfoset\1.2.13\FastInfoset-1.2.13.jar;D:\local_maven\javax\activation\activation\1.1.1\activation-1.1.1.jar;D:\local_maven\org\springframework\boot\spring-boot-starter-test\2.0.3.RELEASE\spring-boot-starter-test-2.0.3.RELEASE.jar;D:\local_maven\org\springframework\boot\spring-boot-test\2.0.3.RELEASE\spring-boot-test-2.0.3.RELEASE.jar;D:\local_maven\org\springframework\boot\spring-boot-test-autoconfigure\2.0.3.RELEASE\spring-boot-test-autoconfigure-2.0.3.RELEASE.jar;D:\local_maven\com\jayway\jsonpath\json-path\2.4.0\json-path-2.4.0.jar;D:\local_maven\net\minidev\json-smart\2.3\json-smart-2.3.jar;D:\local_maven\net\minidev\accessors-smart\1.2\accessors-smart-1.2.jar;D:\local_maven\org\ow2\asm\asm\5.0.4\asm-5.0.4.jar;D:\local_maven\junit\junit\4.12\junit-4.12.jar;D:\local_maven\org\assertj\assertj-core\3.9.1\assertj-core-3.9.1.jar;D:\local_maven\org\mockito\mockito-core\2.15.0\mockito-core-2.15.0.jar;D:\local_maven\net\bytebuddy\byte-buddy\1.7.11\byte-buddy-1.7.11.jar;D:\local_maven\net\bytebuddy\byte-buddy-agent\1.7.11\byte-buddy-agent-1.7.11.jar;D:\local_maven\org\objenesis\objenesis\2.6\objenesis-2.6.jar;D:\local_maven\org\hamcrest\hamcrest-core\1.3\hamcrest-core-1.3.jar;D:\local_maven\org\hamcrest\hamcrest-library\1.3\hamcrest-library-1.3.jar;D:\local_maven\org\skyscreamer\jsonassert\1.5.0\jsonassert-1.5.0.jar;D:\local_maven\com\vaadin\external\google\android-json\0.0.20131108.vaadin1\android-json-0.0.20131108.vaadin1.jar;D:\local_maven\org\springframework\spring-core\5.0.7.RELEASE\spring-core-5.0.7.RELEASE.jar;D:\local_maven\org\springframework\spring-jcl\5.0.7.RELEASE\spring-jcl-5.0.7.RELEASE.jar;D:\local_maven\org\springframework\spring-test\5.0.7.RELEASE\spring-test-5.0.7.RELEASE.jar;D:\local_maven\org\xmlunit\xmlunit-core\2.5.1\xmlunit-core-2.5.1.jar;, java.vm.vendor="Oracle Corporation", sun.arch.data.model=64, user.variant=, java.vendor.url=http://java.oracle.com/, user.timezone=Asia/Shanghai, os.name=Windows 10, java.vm.specification.version=10, sun.java.launcher=SUN_STANDARD, user.country=CN, sun.boot.library.path=D:\jdk10\bin, sun.java.command=C:\Users\Ryze\AppData\Local\Temp\surefire1688651973022232720\surefirebooter15434021661493425421.jar C:\Users\Ryze\AppData\Local\Temp\surefire1688651973022232720 2019-03-18T10-37-56_171-jvmRun1 surefire18123238614646627371tmp surefire_013331276902365863292tmp, jdk.debug=release, surefire.test.class.path=E:\study\springcloud\eureka-3\venus\providerclient\target\test-classes;E:\study\springcloud\eureka-3\venus\providerclient\target\classes;D:\local_maven\cn\springcloud\feign\venus-cloud-starter-feign\1.0.0\venus-cloud-starter-feign-1.0.0.jar;D:\local_maven\cn\springcloud\feign\venus-cloud-feign-core\1.0.0\venus-cloud-feign-core-1.0.0.jar;D:\local_maven\io\springfox\springfox-swagger2\2.8.0\springfox-swagger2-2.8.0.jar;D:\local_maven\io\swagger\swagger-annotations\1.5.14\swagger-annotations-1.5.14.jar;D:\local_maven\io\swagger\swagger-models\1.5.14\swagger-models-1.5.14.jar;D:\local_maven\com\fasterxml\jackson\core\jackson-annotations\2.9.0\jackson-annotations-2.9.0.jar;D:\local_maven\io\springfox\springfox-spi\2.8.0\springfox-spi-2.8.0.jar;D:\local_maven\io\springfox\springfox-core\2.8.0\springfox-core-2.8.0.jar;D:\local_maven\io\springfox\springfox-schema\2.8.0\springfox-schema-2.8.0.jar;D:\local_maven\io\springfox\springfox-swagger-common\2.8.0\springfox-swagger-common-2.8.0.jar;D:\local_maven\io\springfox\springfox-spring-web\2.8.0\springfox-spring-web-2.8.0.jar;D:\local_maven\org\reflections\reflections\0.9.11\reflections-0.9.11.jar;D:\local_maven\org\javassist\javassist\3.21.0-GA\javassist-3.21.0-GA.jar;D:\local_maven\com\google\guava\guava\20.0\guava-20.0.jar;D:\local_maven\com\fasterxml\classmate\1.3.4\classmate-1.3.4.jar;D:\local_maven\org\slf4j\slf4j-api\1.7.25\slf4j-api-1.7.25.jar;D:\local_maven\org\springframework\plugin\spring-plugin-core\1.2.0.RELEASE\spring-plugin-core-1.2.0.RELEASE.jar;D:\local_maven\org\springframework\plugin\spring-plugin-metadata\1.2.0.RELEASE\spring-plugin-metadata-1.2.0.RELEASE.jar;D:\local_maven\org\mapstruct\mapstruct\1.2.0.Final\mapstruct-1.2.0.Final.jar;D:\local_maven\org\springframework\cloud\spring-cloud-starter-openfeign\2.0.0.RELEASE\spring-cloud-starter-openfeign-2.0.0.RELEASE.jar;D:\local_maven\org\springframework\cloud\spring-cloud-starter\2.0.0.RELEASE\spring-cloud-starter-2.0.0.RELEASE.jar;D:\local_maven\org\springframework\cloud\spring-cloud-context\2.0.0.RELEASE\spring-cloud-context-2.0.0.RELEASE.jar;D:\local_maven\org\springframework\security\spring-security-rsa\1.0.5.RELEASE\spring-security-rsa-1.0.5.RELEASE.jar;D:\local_maven\org\bouncycastle\bcpkix-jdk15on\1.56\bcpkix-jdk15on-1.56.jar;D:\local_maven\org\bouncycastle\bcprov-jdk15on\1.56\bcprov-jdk15on-1.56.jar;D:\local_maven\org\springframework\cloud\spring-cloud-openfeign-core\2.0.0.RELEASE\spring-cloud-openfeign-core-2.0.0.RELEASE.jar;D:\local_maven\org\springframework\boot\spring-boot-autoconfigure\2.0.3.RELEASE\spring-boot-autoconfigure-2.0.3.RELEASE.jar;D:\local_maven\org\springframework\cloud\spring-cloud-netflix-ribbon\2.0.0.RELEASE\spring-cloud-netflix-ribbon-2.0.0.RELEASE.jar;D:\local_maven\org\springframework\boot\spring-boot-starter-aop\2.0.3.RELEASE\spring-boot-starter-aop-2.0.3.RELEASE.jar;D:\local_maven\org\aspectj\aspectjweaver\1.8.13\aspectjweaver-1.8.13.jar;D:\local_maven\org\springframework\spring-web\5.0.7.RELEASE\spring-web-5.0.7.RELEASE.jar;D:\local_maven\org\springframework\spring-beans\5.0.7.RELEASE\spring-beans-5.0.7.RELEASE.jar;D:\local_maven\org\springframework\cloud\spring-cloud-commons\2.0.0.RELEASE\spring-cloud-commons-2.0.0.RELEASE.jar;D:\local_maven\org\springframework\security\spring-security-crypto\5.0.6.RELEASE\spring-security-crypto-5.0.6.RELEASE.jar;D:\local_maven\io\github\openfeign\feign-core\9.5.1\feign-core-9.5.1.jar;D:\local_maven\io\github\openfeign\feign-slf4j\9.5.1\feign-slf4j-9.5.1.jar;D:\local_maven\io\github\openfeign\feign-hystrix\9.5.1\feign-hystrix-9.5.1.jar;D:\local_maven\com\netflix\archaius\archaius-core\0.7.6\archaius-core-0.7.6.jar;D:\local_maven\com\google\code\findbugs\jsr305\3.0.1\jsr305-3.0.1.jar;D:\local_maven\com\fasterxml\jackson\core\jackson-core\2.9.6\jackson-core-2.9.6.jar;D:\local_maven\com\netflix\hystrix\hystrix-core\1.5.12\hystrix-core-1.5.12.jar;D:\local_maven\org\hdrhistogram\HdrHistogram\2.1.9\HdrHistogram-2.1.9.jar;D:\local_maven\io\github\openfeign\feign-java8\9.5.1\feign-java8-9.5.1.jar;D:\local_maven\org\springframework\cloud\spring-cloud-starter-netflix-ribbon\2.0.0.RELEASE\spring-cloud-starter-netflix-ribbon-2.0.0.RELEASE.jar;D:\local_maven\com\netflix\ribbon\ribbon\2.2.5\ribbon-2.2.5.jar;D:\local_maven\com\netflix\ribbon\ribbon-transport\2.2.5\ribbon-transport-2.2.5.jar;D:\local_maven\io\reactivex\rxnetty-contexts\0.4.9\rxnetty-contexts-0.4.9.jar;D:\local_maven\io\reactivex\rxnetty-servo\0.4.9\rxnetty-servo-0.4.9.jar;D:\local_maven\javax\inject\javax.inject\1\javax.inject-1.jar;D:\local_maven\io\reactivex\rxnetty\0.4.9\rxnetty-0.4.9.jar;D:\local_maven\io\netty\netty-codec-http\4.1.25.Final\netty-codec-http-4.1.25.Final.jar;D:\local_maven\io\netty\netty-codec\4.1.25.Final\netty-codec-4.1.25.Final.jar;D:\local_maven\io\netty\netty-transport-native-epoll\4.1.25.Final\netty-transport-native-epoll-4.1.25.Final.jar;D:\local_maven\io\netty\netty-common\4.1.25.Final\netty-common-4.1.25.Final.jar;D:\local_maven\io\netty\netty-buffer\4.1.25.Final\netty-buffer-4.1.25.Final.jar;D:\local_maven\io\netty\netty-transport-native-unix-common\4.1.25.Final\netty-transport-native-unix-common-4.1.25.Final.jar;D:\local_maven\io\netty\netty-transport\4.1.25.Final\netty-transport-4.1.25.Final.jar;D:\local_maven\io\netty\netty-resolver\4.1.25.Final\netty-resolver-4.1.25.Final.jar;D:\local_maven\com\netflix\ribbon\ribbon-core\2.2.5\ribbon-core-2.2.5.jar;D:\local_maven\commons-lang\commons-lang\2.6\commons-lang-2.6.jar;D:\local_maven\com\netflix\ribbon\ribbon-httpclient\2.2.5\ribbon-httpclient-2.2.5.jar;D:\local_maven\commons-collections\commons-collections\3.2.2\commons-collections-3.2.2.jar;D:\local_maven\org\apache\httpcomponents\httpclient\4.5.5\httpclient-4.5.5.jar;D:\local_maven\org\apache\httpcomponents\httpcore\4.4.9\httpcore-4.4.9.jar;D:\local_maven\commons-codec\commons-codec\1.11\commons-codec-1.11.jar;D:\local_maven\com\sun\jersey\jersey-client\1.19.1\jersey-client-1.19.1.jar;D:\local_maven\com\sun\jersey\jersey-core\1.19.1\jersey-core-1.19.1.jar;D:\local_maven\javax\ws\rs\jsr311-api\1.1.1\jsr311-api-1.1.1.jar;D:\local_maven\com\sun\jersey\contribs\jersey-apache-client4\1.19.1\jersey-apache-client4-1.19.1.jar;D:\local_maven\com\netflix\servo\servo-core\0.12.21\servo-core-0.12.21.jar;D:\local_maven\com\netflix\netflix-commons\netflix-commons-util\0.3.0\netflix-commons-util-0.3.0.jar;D:\local_maven\com\netflix\ribbon\ribbon-loadbalancer\2.2.5\ribbon-loadbalancer-2.2.5.jar;D:\local_maven\com\netflix\netflix-commons\netflix-statistics\0.1.1\netflix-statistics-0.1.1.jar;D:\local_maven\io\reactivex\rxjava\1.3.8\rxjava-1.3.8.jar;D:\local_maven\org\springframework\cloud\spring-cloud-starter-netflix-archaius\2.0.0.RELEASE\spring-cloud-starter-netflix-archaius-2.0.0.RELEASE.jar;D:\local_maven\org\springframework\cloud\spring-cloud-netflix-archaius\2.0.0.RELEASE\spring-cloud-netflix-archaius-2.0.0.RELEASE.jar;D:\local_maven\commons-configuration\commons-configuration\1.8\commons-configuration-1.8.jar;D:\local_maven\org\springframework\boot\spring-boot-starter-web\2.0.3.RELEASE\spring-boot-starter-web-2.0.3.RELEASE.jar;D:\local_maven\org\springframework\boot\spring-boot-starter\2.0.3.RELEASE\spring-boot-starter-2.0.3.RELEASE.jar;D:\local_maven\org\springframework\boot\spring-boot\2.0.3.RELEASE\spring-boot-2.0.3.RELEASE.jar;D:\local_maven\org\springframework\boot\spring-boot-starter-logging\2.0.3.RELEASE\spring-boot-starter-logging-2.0.3.RELEASE.jar;D:\local_maven\ch\qos\logback\logback-classic\1.2.3\logback-classic-1.2.3.jar;D:\local_maven\ch\qos\logback\logback-core\1.2.3\logback-core-1.2.3.jar;D:\local_maven\org\apache\logging\log4j\log4j-to-slf4j\2.10.0\log4j-to-slf4j-2.10.0.jar;D:\local_maven\org\apache\logging\log4j\log4j-api\2.10.0\log4j-api-2.10.0.jar;D:\local_maven\org\slf4j\jul-to-slf4j\1.7.25\jul-to-slf4j-1.7.25.jar;D:\local_maven\javax\annotation\javax.annotation-api\1.3.2\javax.annotation-api-1.3.2.jar;D:\local_maven\org\yaml\snakeyaml\1.19\snakeyaml-1.19.jar;D:\local_maven\org\springframework\boot\spring-boot-starter-json\2.0.3.RELEASE\spring-boot-starter-json-2.0.3.RELEASE.jar;D:\local_maven\com\fasterxml\jackson\core\jackson-databind\2.9.6\jackson-databind-2.9.6.jar;D:\local_maven\com\fasterxml\jackson\datatype\jackson-datatype-jdk8\2.9.6\jackson-datatype-jdk8-2.9.6.jar;D:\local_maven\com\fasterxml\jackson\datatype\jackson-datatype-jsr310\2.9.6\jackson-datatype-jsr310-2.9.6.jar;D:\local_maven\com\fasterxml\jackson\module\jackson-module-parameter-names\2.9.6\jackson-module-parameter-names-2.9.6.jar;D:\local_maven\org\springframework\boot\spring-boot-starter-tomcat\2.0.3.RELEASE\spring-boot-starter-tomcat-2.0.3.RELEASE.jar;D:\local_maven\org\apache\tomcat\embed\tomcat-embed-core\8.5.31\tomcat-embed-core-8.5.31.jar;D:\local_maven\org\apache\tomcat\embed\tomcat-embed-el\8.5.31\tomcat-embed-el-8.5.31.jar;D:\local_maven\org\apache\tomcat\embed\tomcat-embed-websocket\8.5.31\tomcat-embed-websocket-8.5.31.jar;D:\local_maven\org\hibernate\validator\hibernate-validator\6.0.10.Final\hibernate-validator-6.0.10.Final.jar;D:\local_maven\javax\validation\validation-api\2.0.1.Final\validation-api-2.0.1.Final.jar;D:\local_maven\org\jboss\logging\jboss-logging\3.3.2.Final\jboss-logging-3.3.2.Final.jar;D:\local_maven\org\springframework\spring-webmvc\5.0.7.RELEASE\spring-webmvc-5.0.7.RELEASE.jar;D:\local_maven\org\springframework\spring-aop\5.0.7.RELEASE\spring-aop-5.0.7.RELEASE.jar;D:\local_maven\org\springframework\spring-context\5.0.7.RELEASE\spring-context-5.0.7.RELEASE.jar;D:\local_maven\org\springframework\spring-expression\5.0.7.RELEASE\spring-expression-5.0.7.RELEASE.jar;D:\local_maven\org\projectlombok\lombok\1.18.2\lombok-1.18.2.jar;D:\local_maven\javax\xml\bind\jaxb-api\2.3.0\jaxb-api-2.3.0.jar;D:\local_maven\com\sun\xml\bind\jaxb-impl\2.3.0\jaxb-impl-2.3.0.jar;D:\local_maven\org\glassfish\jaxb\jaxb-runtime\2.3.0\jaxb-runtime-2.3.0.jar;D:\local_maven\org\glassfish\jaxb\jaxb-core\2.3.0\jaxb-core-2.3.0.jar;D:\local_maven\org\glassfish\jaxb\txw2\2.3.0\txw2-2.3.0.jar;D:\local_maven\com\sun\istack\istack-commons-runtime\3.0.5\istack-commons-runtime-3.0.5.jar;D:\local_maven\org\jvnet\staxex\stax-ex\1.7.8\stax-ex-1.7.8.jar;D:\local_maven\com\sun\xml\fastinfoset\FastInfoset\1.2.13\FastInfoset-1.2.13.jar;D:\local_maven\javax\activation\activation\1.1.1\activation-1.1.1.jar;D:\local_maven\org\springframework\boot\spring-boot-starter-test\2.0.3.RELEASE\spring-boot-starter-test-2.0.3.RELEASE.jar;D:\local_maven\org\springframework\boot\spring-boot-test\2.0.3.RELEASE\spring-boot-test-2.0.3.RELEASE.jar;D:\local_maven\org\springframework\boot\spring-boot-test-autoconfigure\2.0.3.RELEASE\spring-boot-test-autoconfigure-2.0.3.RELEASE.jar;D:\local_maven\com\jayway\jsonpath\json-path\2.4.0\json-path-2.4.0.jar;D:\local_maven\net\minidev\json-smart\2.3\json-smart-2.3.jar;D:\local_maven\net\minidev\accessors-smart\1.2\accessors-smart-1.2.jar;D:\local_maven\org\ow2\asm\asm\5.0.4\asm-5.0.4.jar;D:\local_maven\junit\junit\4.12\junit-4.12.jar;D:\local_maven\org\assertj\assertj-core\3.9.1\assertj-core-3.9.1.jar;D:\local_maven\org\mockito\mockito-core\2.15.0\mockito-core-2.15.0.jar;D:\local_maven\net\bytebuddy\byte-buddy\1.7.11\byte-buddy-1.7.11.jar;D:\local_maven\net\bytebuddy\byte-buddy-agent\1.7.11\byte-buddy-agent-1.7.11.jar;D:\local_maven\org\objenesis\objenesis\2.6\objenesis-2.6.jar;D:\local_maven\org\hamcrest\hamcrest-core\1.3\hamcrest-core-1.3.jar;D:\local_maven\org\hamcrest\hamcrest-library\1.3\hamcrest-library-1.3.jar;D:\local_maven\org\skyscreamer\jsonassert\1.5.0\jsonassert-1.5.0.jar;D:\local_maven\com\vaadin\external\google\android-json\0.0.20131108.vaadin1\android-json-0.0.20131108.vaadin1.jar;D:\local_maven\org\springframework\spring-core\5.0.7.RELEASE\spring-core-5.0.7.RELEASE.jar;D:\local_maven\org\springframework\spring-jcl\5.0.7.RELEASE\spring-jcl-5.0.7.RELEASE.jar;D:\local_maven\org\springframework\spring-test\5.0.7.RELEASE\spring-test-5.0.7.RELEASE.jar;D:\local_maven\org\xmlunit\xmlunit-core\2.5.1\xmlunit-core-2.5.1.jar;, sun.cpu.endian=little, user.home=C:\Users\Ryze, user.language=zh, java.specification.vendor=Oracle Corporation, java.version.date=2018-03-20, java.home=D:\jdk10, file.separator=\, basedir=E:\study\springcloud\eureka-3\venus\providerclient, java.vm.compressedOopsMode=Zero based, line.separator=
, java.specification.name=Java Platform API Specification, java.vm.specification.vendor=Oracle Corporation, java.awt.graphicsenv=sun.awt.Win32GraphicsEnvironment, surefire.real.class.path=C:\Users\Ryze\AppData\Local\Temp\surefire1688651973022232720\surefirebooter15434021661493425421.jar, user.script=, sun.management.compiler=HotSpot 64-Bit Tiered Compilers, java.runtime.version=10+46, user.name=Ryze, path.separator=;, os.version=10.0, java.runtime.name=Java(TM) SE Runtime Environment, file.encoding=GBK, java.vm.name=Java HotSpot(TM) 64-Bit Server VM, java.vendor.version=18.3, localRepository=D:\local_maven, java.vendor.url.bug=http://bugreport.java.com/bugreport/, java.io.tmpdir=C:\Users\Ryze\AppData\Local\Temp\, idea.version=2018.3.5, java.version=10, user.dir=E:\study\springcloud\eureka-3\venus\providerclient, os.arch=amd64, java.vm.specification.name=Java Virtual Machine Specification, java.awt.printerjob=sun.awt.windows.WPrinterJob, sun.os.patch.level=, java.library.path=D:\jdk10\bin;C:\WINDOWS\Sun\Java\bin;C:\WINDOWS\system32;C:\WINDOWS;D:\jdk10\bin;D:\jdk10\jre\bin;C:\WINDOWS\system32;C:\WINDOWS;C:\WINDOWS\System32\Wbem;C:\WINDOWS\System32\WindowsPowerShell\v1.0\;D:\git\Git\bin;C:\Program Files\MySQL\MySQL Server 5.7\bin;D:\nodejs\;D:\nodejs\node_modules\npm\bin;D:\scala\bin;D:\scala\jre\bin;D:\maven\bin;D:\gradle-4.7\bin;C:\WINDOWS\System32\OpenSSH\;D:\sbt\bin;D:\Gpg\Gpg4win\..\GnuPG\bin;D:\python2\Scripts\;D:\python2\;C:\Users\Ryze\AppData\Local\Microsoft\WindowsApps;C:\Users\Ryze\AppData\Roaming\npm;D:\visoCode\Microsoft VS Code\bin;D:\fiddler;C:\Users\Ryze\AppData\Local\Microsoft\WindowsApps;;., java.vendor=Oracle Corporation, java.vm.info=mixed mode, java.vm.version=10+46, sun.io.unicode.encoding=UnicodeLittle, maven.repo.local=D:\local_maven, java.class.version=54.0}}, SystemEnvironmentPropertySource@1363793720 {name='systemEnvironment', properties={PATH=D:\jdk10\bin;D:\jdk10\jre\bin;C:\WINDOWS\system32;C:\WINDOWS;C:\WINDOWS\System32\Wbem;C:\WINDOWS\System32\WindowsPowerShell\v1.0\;D:\git\Git\bin;C:\Program Files\MySQL\MySQL Server 5.7\bin;D:\nodejs\;D:\nodejs\node_modules\npm\bin;D:\scala\bin;D:\scala\jre\bin;D:\maven\bin;D:\gradle-4.7\bin;C:\WINDOWS\System32\OpenSSH\;D:\sbt\bin;D:\Gpg\Gpg4win\..\GnuPG\bin;D:\python2\Scripts\;D:\python2\;C:\Users\Ryze\AppData\Local\Microsoft\WindowsApps;C:\Users\Ryze\AppData\Roaming\npm;D:\visoCode\Microsoft VS Code\bin;D:\fiddler;C:\Users\Ryze\AppData\Local\Microsoft\WindowsApps;, USERDOMAIN_ROAMINGPROFILE=DESKTOP-14L2IB0, PROCESSOR_LEVEL=6, SYSTEMDRIVE=C:, SESSIONNAME=Console, ALLUSERSPROFILE=C:\ProgramData, PROCESSOR_ARCHITECTURE=AMD64, NVIDIAWHITELISTED=0x01, DRIVERDATA=C:\Windows\System32\Drivers\DriverData, MACTYPE_X64ADDR=140718192121008, =E:=E:\study\springcloud\eureka-3\venus\providerclient, PROGRAMFILES=C:\Program Files, PSMODULEPATH=C:\Program Files\WindowsPowerShell\Modules;C:\WINDOWS\system32\WindowsPowerShell\v1.0\Modules, PROGRAMDATA=C:\ProgramData, USERNAME=Ryze, FPS_BROWSER_USER_PROFILE_STRING=Default, ONEDRIVE=C:\Users\Ryze\OneDrive, PATHEXT=.COM;.EXE;.BAT;.CMD;.VBS;.VBE;.JS;.JSE;.WSF;.WSH;.MSC, SHIM_MCCOMPAT=0x810000001, WINDIR=C:\WINDOWS, =F:=F:\, JAVA_HOME8=D:\jdk1.8, HOMEPATH=\Users\Ryze, MYSQL_HOME=C:\Program Files\MySQL\MySQL Server 5.7, PROCESSOR_IDENTIFIER=Intel64 Family 6 Model 158 Stepping 9, GenuineIntel, PUBLIC=C:\Users\Public, =::=::\, LOCALAPPDATA=C:\Users\Ryze\AppData\Local, COMMONPROGRAMFILES(X86)=C:\Program Files (x86)\Common Files, USERDOMAIN=DESKTOP-14L2IB0, FPS_BROWSER_APP_PROFILE_STRING=Internet Explorer, LOGONSERVER=\\DESKTOP-14L2IB0, JAVA_HOME=D:\jdk10, PROMPT=$P$G, PROGRAMFILES(X86)=C:\Program Files (x86), GRADLE_HOME=D:\gradle-4.7, =G:=G:\, =C:=C:\, APPDATA=C:\Users\Ryze\AppData\Roaming, PROGRAMW6432=C:\Program Files, SYSTEMROOT=C:\WINDOWS, SCALA_HOME=D:\scala, OS=Windows_NT, COMMONPROGRAMW6432=C:\Program Files\Common Files, COMPUTERNAME=DESKTOP-14L2IB0, COMMONPROGRAMFILES=C:\Program Files\Common Files, COMSPEC=C:\WINDOWS\system32\cmd.exe, SBT_HOME=D:\sbt\, PROCESSOR_REVISION=9e09, CLASSPATH=.;D:\jdk10\lib;D:\jdk10\lib\tools.jar;D:\scala\bin;D:\scala\lib\dt.jar;D:\scala\lib\tools.jar.;, TEMP=C:\Users\Ryze\AppData\Local\Temp, HOMEDRIVE=C:, USERPROFILE=C:\Users\Ryze, TMP=C:\Users\Ryze\AppData\Local\Temp, NUMBER_OF_PROCESSORS=8}}]
10:37:57.623 [main] DEBUG org.springframework.core.io.support.PathMatchingResourcePatternResolver - Resolved classpath location [com/lft/providerclient/] to resources [URL [file:/E:/study/springcloud/eureka-3/venus/providerclient/target/test-classes/com/lft/providerclient/], URL [file:/E:/study/springcloud/eureka-3/venus/providerclient/target/classes/com/lft/providerclient/]]
10:37:57.624 [main] DEBUG org.springframework.core.io.support.PathMatchingResourcePatternResolver - Looking for matching resources in directory tree [E:\study\springcloud\eureka-3\venus\providerclient\target\test-classes\com\lft\providerclient]
10:37:57.624 [main] DEBUG org.springframework.core.io.support.PathMatchingResourcePatternResolver - Searching directory [E:\study\springcloud\eureka-3\venus\providerclient\target\test-classes\com\lft\providerclient] for files matching pattern [E:/study/springcloud/eureka-3/venus/providerclient/target/test-classes/com/lft/providerclient/*.class]
10:37:57.628 [main] DEBUG org.springframework.core.io.support.PathMatchingResourcePatternResolver - Looking for matching resources in directory tree [E:\study\springcloud\eureka-3\venus\providerclient\target\classes\com\lft\providerclient]
10:37:57.628 [main] DEBUG org.springframework.core.io.support.PathMatchingResourcePatternResolver - Searching directory [E:\study\springcloud\eureka-3\venus\providerclient\target\classes\com\lft\providerclient] for files matching pattern [E:/study/springcloud/eureka-3/venus/providerclient/target/classes/com/lft/providerclient/*.class]
10:37:57.629 [main] DEBUG org.springframework.core.io.support.PathMatchingResourcePatternResolver - Resolved location pattern [classpath*:com/lft/providerclient/*.class] to resources [file [E:\study\springcloud\eureka-3\venus\providerclient\target\test-classes\com\lft\providerclient\ProviderclientApplicationTests.class]]
10:37:57.651 [main] DEBUG org.springframework.core.io.support.PathMatchingResourcePatternResolver - Resolved classpath location [com/lft/] to resources [URL [file:/E:/study/springcloud/eureka-3/venus/providerclient/target/test-classes/com/lft/], URL [file:/E:/study/springcloud/eureka-3/venus/providerclient/target/classes/com/lft/]]
10:37:57.651 [main] DEBUG org.springframework.core.io.support.PathMatchingResourcePatternResolver - Looking for matching resources in directory tree [E:\study\springcloud\eureka-3\venus\providerclient\target\test-classes\com\lft]
10:37:57.651 [main] DEBUG org.springframework.core.io.support.PathMatchingResourcePatternResolver - Searching directory [E:\study\springcloud\eureka-3\venus\providerclient\target\test-classes\com\lft] for files matching pattern [E:/study/springcloud/eureka-3/venus/providerclient/target/test-classes/com/lft/*.class]
10:37:57.652 [main] DEBUG org.springframework.core.io.support.PathMatchingResourcePatternResolver - Looking for matching resources in directory tree [E:\study\springcloud\eureka-3\venus\providerclient\target\classes\com\lft]
10:37:57.652 [main] DEBUG org.springframework.core.io.support.PathMatchingResourcePatternResolver - Searching directory [E:\study\springcloud\eureka-3\venus\providerclient\target\classes\com\lft] for files matching pattern [E:/study/springcloud/eureka-3/venus/providerclient/target/classes/com/lft/*.class]
10:37:57.653 [main] DEBUG org.springframework.core.io.support.PathMatchingResourcePatternResolver - Resolved location pattern [classpath*:com/lft/*.class] to resources []
10:37:57.655 [main] DEBUG org.springframework.core.io.support.PathMatchingResourcePatternResolver - Resolved classpath location [com/] to resources [URL [file:/E:/study/springcloud/eureka-3/venus/providerclient/target/test-classes/com/], URL [file:/E:/study/springcloud/eureka-3/venus/providerclient/target/classes/com/], URL [jar:file:/D:/local_maven/com/fasterxml/jackson/core/jackson-annotations/2.9.0/jackson-annotations-2.9.0.jar!/com/], URL [jar:file:/D:/local_maven/com/google/guava/guava/20.0/guava-20.0.jar!/com/], URL [jar:file:/D:/local_maven/com/fasterxml/classmate/1.3.4/classmate-1.3.4.jar!/com/], URL [jar:file:/D:/local_maven/com/netflix/archaius/archaius-core/0.7.6/archaius-core-0.7.6.jar!/com/], URL [jar:file:/D:/local_maven/com/fasterxml/jackson/core/jackson-core/2.9.6/jackson-core-2.9.6.jar!/com/], URL [jar:file:/D:/local_maven/com/netflix/hystrix/hystrix-core/1.5.12/hystrix-core-1.5.12.jar!/com/], URL [jar:file:/D:/local_maven/com/netflix/ribbon/ribbon/2.2.5/ribbon-2.2.5.jar!/com/], URL [jar:file:/D:/local_maven/com/netflix/ribbon/ribbon-transport/2.2.5/ribbon-transport-2.2.5.jar!/com/], URL [jar:file:/D:/local_maven/io/reactivex/rxnetty-contexts/0.4.9/rxnetty-contexts-0.4.9.jar!/com/], URL [jar:file:/D:/local_maven/com/netflix/ribbon/ribbon-core/2.2.5/ribbon-core-2.2.5.jar!/com/], URL [jar:file:/D:/local_maven/com/netflix/ribbon/ribbon-httpclient/2.2.5/ribbon-httpclient-2.2.5.jar!/com/], URL [jar:file:/D:/local_maven/com/sun/jersey/jersey-client/1.19.1/jersey-client-1.19.1.jar!/com/], URL [jar:file:/D:/local_maven/com/sun/jersey/jersey-core/1.19.1/jersey-core-1.19.1.jar!/com/], URL [jar:file:/D:/local_maven/com/sun/jersey/contribs/jersey-apache-client4/1.19.1/jersey-apache-client4-1.19.1.jar!/com/], URL [jar:file:/D:/local_maven/com/netflix/servo/servo-core/0.12.21/servo-core-0.12.21.jar!/com/], URL [jar:file:/D:/local_maven/com/netflix/netflix-commons/netflix-commons-util/0.3.0/netflix-commons-util-0.3.0.jar!/com/], URL [jar:file:/D:/local_maven/com/netflix/ribbon/ribbon-loadbalancer/2.2.5/ribbon-loadbalancer-2.2.5.jar!/com/], URL [jar:file:/D:/local_maven/com/netflix/netflix-commons/netflix-statistics/0.1.1/netflix-statistics-0.1.1.jar!/com/], URL [jar:file:/D:/local_maven/com/fasterxml/jackson/core/jackson-databind/2.9.6/jackson-databind-2.9.6.jar!/com/], URL [jar:file:/D:/local_maven/com/fasterxml/jackson/datatype/jackson-datatype-jdk8/2.9.6/jackson-datatype-jdk8-2.9.6.jar!/com/], URL [jar:file:/D:/local_maven/com/fasterxml/jackson/datatype/jackson-datatype-jsr310/2.9.6/jackson-datatype-jsr310-2.9.6.jar!/com/], URL [jar:file:/D:/local_maven/com/fasterxml/jackson/module/jackson-module-parameter-names/2.9.6/jackson-module-parameter-names-2.9.6.jar!/com/], URL [jar:file:/D:/local_maven/org/projectlombok/lombok/1.18.2/lombok-1.18.2.jar!/com/], URL [jar:file:/D:/local_maven/com/sun/xml/bind/jaxb-impl/2.3.0/jaxb-impl-2.3.0.jar!/com/], URL [jar:file:/D:/local_maven/org/glassfish/jaxb/jaxb-runtime/2.3.0/jaxb-runtime-2.3.0.jar!/com/], URL [jar:file:/D:/local_maven/org/glassfish/jaxb/jaxb-core/2.3.0/jaxb-core-2.3.0.jar!/com/], URL [jar:file:/D:/local_maven/org/glassfish/jaxb/txw2/2.3.0/txw2-2.3.0.jar!/com/], URL [jar:file:/D:/local_maven/com/sun/istack/istack-commons-runtime/3.0.5/istack-commons-runtime-3.0.5.jar!/com/], URL [jar:file:/D:/local_maven/com/sun/xml/fastinfoset/FastInfoset/1.2.13/FastInfoset-1.2.13.jar!/com/], URL [jar:file:/D:/local_maven/javax/activation/activation/1.1.1/activation-1.1.1.jar!/com/], URL [jar:file:/D:/local_maven/com/jayway/jsonpath/json-path/2.4.0/json-path-2.4.0.jar!/com/]]
10:37:57.655 [main] DEBUG org.springframework.core.io.support.PathMatchingResourcePatternResolver - Looking for matching resources in directory tree [E:\study\springcloud\eureka-3\venus\providerclient\target\test-classes\com]
10:37:57.656 [main] DEBUG org.springframework.core.io.support.PathMatchingResourcePatternResolver - Searching directory [E:\study\springcloud\eureka-3\venus\providerclient\target\test-classes\com] for files matching pattern [E:/study/springcloud/eureka-3/venus/providerclient/target/test-classes/com/*.class]
10:37:57.656 [main] DEBUG org.springframework.core.io.support.PathMatchingResourcePatternResolver - Looking for matching resources in directory tree [E:\study\springcloud\eureka-3\venus\providerclient\target\classes\com]
10:37:57.656 [main] DEBUG org.springframework.core.io.support.PathMatchingResourcePatternResolver - Searching directory [E:\study\springcloud\eureka-3\venus\providerclient\target\classes\com] for files matching pattern [E:/study/springcloud/eureka-3/venus/providerclient/target/classes/com/*.class]
10:37:57.657 [main] DEBUG org.springframework.core.io.support.PathMatchingResourcePatternResolver - Looking for matching resources in jar file [file:/D:/local_maven/com/fasterxml/jackson/core/jackson-annotations/2.9.0/jackson-annotations-2.9.0.jar]
10:37:57.659 [main] DEBUG org.springframework.core.io.support.PathMatchingResourcePatternResolver - Looking for matching resources in jar file [file:/D:/local_maven/com/google/guava/guava/20.0/guava-20.0.jar]
10:37:57.671 [main] DEBUG org.springframework.core.io.support.PathMatchingResourcePatternResolver - Looking for matching resources in jar file [file:/D:/local_maven/com/fasterxml/classmate/1.3.4/classmate-1.3.4.jar]
10:37:57.672 [main] DEBUG org.springframework.core.io.support.PathMatchingResourcePatternResolver - Looking for matching resources in jar file [file:/D:/local_maven/com/netflix/archaius/archaius-core/0.7.6/archaius-core-0.7.6.jar]
10:37:57.673 [main] DEBUG org.springframework.core.io.support.PathMatchingResourcePatternResolver - Looking for matching resources in jar file [file:/D:/local_maven/com/fasterxml/jackson/core/jackson-core/2.9.6/jackson-core-2.9.6.jar]
10:37:57.674 [main] DEBUG org.springframework.core.io.support.PathMatchingResourcePatternResolver - Looking for matching resources in jar file [file:/D:/local_maven/com/netflix/hystrix/hystrix-core/1.5.12/hystrix-core-1.5.12.jar]
10:37:57.676 [main] DEBUG org.springframework.core.io.support.PathMatchingResourcePatternResolver - Looking for matching resources in jar file [file:/D:/local_maven/com/netflix/ribbon/ribbon/2.2.5/ribbon-2.2.5.jar]
10:37:57.677 [main] DEBUG org.springframework.core.io.support.PathMatchingResourcePatternResolver - Looking for matching resources in jar file [file:/D:/local_maven/com/netflix/ribbon/ribbon-transport/2.2.5/ribbon-transport-2.2.5.jar]
10:37:57.678 [main] DEBUG org.springframework.core.io.support.PathMatchingResourcePatternResolver - Looking for matching resources in jar file [file:/D:/local_maven/io/reactivex/rxnetty-contexts/0.4.9/rxnetty-contexts-0.4.9.jar]
10:37:57.679 [main] DEBUG org.springframework.core.io.support.PathMatchingResourcePatternResolver - Looking for matching resources in jar file [file:/D:/local_maven/com/netflix/ribbon/ribbon-core/2.2.5/ribbon-core-2.2.5.jar]
10:37:57.679 [main] DEBUG org.springframework.core.io.support.PathMatchingResourcePatternResolver - Looking for matching resources in jar file [file:/D:/local_maven/com/netflix/ribbon/ribbon-httpclient/2.2.5/ribbon-httpclient-2.2.5.jar]
10:37:57.680 [main] DEBUG org.springframework.core.io.support.PathMatchingResourcePatternResolver - Looking for matching resources in jar file [file:/D:/local_maven/com/sun/jersey/jersey-client/1.19.1/jersey-client-1.19.1.jar]
10:37:57.681 [main] DEBUG org.springframework.core.io.support.PathMatchingResourcePatternResolver - Looking for matching resources in jar file [file:/D:/local_maven/com/sun/jersey/jersey-core/1.19.1/jersey-core-1.19.1.jar]
10:37:57.682 [main] DEBUG org.springframework.core.io.support.PathMatchingResourcePatternResolver - Looking for matching resources in jar file [file:/D:/local_maven/com/sun/jersey/contribs/jersey-apache-client4/1.19.1/jersey-apache-client4-1.19.1.jar]
10:37:57.683 [main] DEBUG org.springframework.core.io.support.PathMatchingResourcePatternResolver - Looking for matching resources in jar file [file:/D:/local_maven/com/netflix/servo/servo-core/0.12.21/servo-core-0.12.21.jar]
10:37:57.684 [main] DEBUG org.springframework.core.io.support.PathMatchingResourcePatternResolver - Looking for matching resources in jar file [file:/D:/local_maven/com/netflix/netflix-commons/netflix-commons-util/0.3.0/netflix-commons-util-0.3.0.jar]
10:37:57.684 [main] DEBUG org.springframework.core.io.support.PathMatchingResourcePatternResolver - Looking for matching resources in jar file [file:/D:/local_maven/com/netflix/ribbon/ribbon-loadbalancer/2.2.5/ribbon-loadbalancer-2.2.5.jar]
10:37:57.685 [main] DEBUG org.springframework.core.io.support.PathMatchingResourcePatternResolver - Looking for matching resources in jar file [file:/D:/local_maven/com/netflix/netflix-commons/netflix-statistics/0.1.1/netflix-statistics-0.1.1.jar]
10:37:57.686 [main] DEBUG org.springframework.core.io.support.PathMatchingResourcePatternResolver - Looking for matching resources in jar file [file:/D:/local_maven/com/fasterxml/jackson/core/jackson-databind/2.9.6/jackson-databind-2.9.6.jar]
10:37:57.688 [main] DEBUG org.springframework.core.io.support.PathMatchingResourcePatternResolver - Looking for matching resources in jar file [file:/D:/local_maven/com/fasterxml/jackson/datatype/jackson-datatype-jdk8/2.9.6/jackson-datatype-jdk8-2.9.6.jar]
10:37:57.689 [main] DEBUG org.springframework.core.io.support.PathMatchingResourcePatternResolver - Looking for matching resources in jar file [file:/D:/local_maven/com/fasterxml/jackson/datatype/jackson-datatype-jsr310/2.9.6/jackson-datatype-jsr310-2.9.6.jar]
10:37:57.690 [main] DEBUG org.springframework.core.io.support.PathMatchingResourcePatternResolver - Looking for matching resources in jar file [file:/D:/local_maven/com/fasterxml/jackson/module/jackson-module-parameter-names/2.9.6/jackson-module-parameter-names-2.9.6.jar]
10:37:57.690 [main] DEBUG org.springframework.core.io.support.PathMatchingResourcePatternResolver - Looking for matching resources in jar file [file:/D:/local_maven/org/projectlombok/lombok/1.18.2/lombok-1.18.2.jar]
10:37:57.691 [main] DEBUG org.springframework.core.io.support.PathMatchingResourcePatternResolver - Looking for matching resources in jar file [file:/D:/local_maven/com/sun/xml/bind/jaxb-impl/2.3.0/jaxb-impl-2.3.0.jar]
10:37:57.693 [main] DEBUG org.springframework.core.io.support.PathMatchingResourcePatternResolver - Looking for matching resources in jar file [file:/D:/local_maven/org/glassfish/jaxb/jaxb-runtime/2.3.0/jaxb-runtime-2.3.0.jar]
10:37:57.696 [main] DEBUG org.springframework.core.io.support.PathMatchingResourcePatternResolver - Looking for matching resources in jar file [file:/D:/local_maven/org/glassfish/jaxb/jaxb-core/2.3.0/jaxb-core-2.3.0.jar]
10:37:57.698 [main] DEBUG org.springframework.core.io.support.PathMatchingResourcePatternResolver - Looking for matching resources in jar file [file:/D:/local_maven/org/glassfish/jaxb/txw2/2.3.0/txw2-2.3.0.jar]
10:37:57.698 [main] DEBUG org.springframework.core.io.support.PathMatchingResourcePatternResolver - Looking for matching resources in jar file [file:/D:/local_maven/com/sun/istack/istack-commons-runtime/3.0.5/istack-commons-runtime-3.0.5.jar]
10:37:57.698 [main] DEBUG org.springframework.core.io.support.PathMatchingResourcePatternResolver - Looking for matching resources in jar file [file:/D:/local_maven/com/sun/xml/fastinfoset/FastInfoset/1.2.13/FastInfoset-1.2.13.jar]
10:37:57.700 [main] DEBUG org.springframework.core.io.support.PathMatchingResourcePatternResolver - Looking for matching resources in jar file [file:/D:/local_maven/javax/activation/activation/1.1.1/activation-1.1.1.jar]
10:37:57.700 [main] DEBUG org.springframework.core.io.support.PathMatchingResourcePatternResolver - Looking for matching resources in jar file [file:/D:/local_maven/com/jayway/jsonpath/json-path/2.4.0/json-path-2.4.0.jar]
10:37:57.701 [main] DEBUG org.springframework.core.io.support.PathMatchingResourcePatternResolver - Resolved location pattern [classpath*:com/*.class] to resources []
]]></system-out>
  </testcase>
</testsuite>